<?xml version="1.0" encoding="UTF-8"?>
<coverage generated="1492484571793" clover="3.2.0">
  <project timestamp="1492484571793" name="All files">
    <metrics statements="23" coveredstatements="8" conditionals="12" coveredconditionals="3" methods="8" coveredmethods="3" elements="43" coveredelements="14" complexity="0" loc="23" ncloc="23" packages="1" files="1" classes="1">
      <file name="timeago-react.js" path="/Users/xiaowei.wzw/Documents/github/timeago-react/src/timeago-react.js">
        <metrics statements="23" coveredstatements="8" conditionals="12" coveredconditionals="3" methods="8" coveredmethods="3"/>
        <line num="7" count="7" type="stmt"/>
        <line num="8" count="7" type="stmt"/>
        <line num="12" count="0" type="stmt"/>
        <line num="13" count="0" type="cond" truecount="0" falsecount="4"/>
        <line num="14" count="0" type="stmt"/>
        <line num="16" count="0" type="stmt"/>
        <line num="20" count="7" type="cond" truecount="1" falsecount="1"/>
        <line num="21" count="7" type="stmt"/>
        <line num="25" count="0" type="stmt"/>
        <line num="28" count="0" type="stmt"/>
        <line num="30" count="0" type="stmt"/>
        <line num="32" count="0" type="cond" truecount="0" falsecount="2"/>
        <line num="34" count="0" type="cond" truecount="0" falsecount="2"/>
        <line num="35" count="0" type="stmt"/>
        <line num="37" count="0" type="stmt"/>
        <line num="39" count="0" type="stmt"/>
        <line num="44" count="0" type="stmt"/>
        <line num="45" count="0" type="stmt"/>
        <line num="49" count="7" type="stmt"/>
        <line num="50" count="7" type="stmt"/>
        <line num="52" count="0" type="stmt"/>
        <line num="60" count="1" type="stmt"/>
        <line num="71" count="1" type="stmt"/>
      </file>
    </metrics>
  </project>
</coverage>
